org.apache.commons.lang3.time.FastDateFormat.parsePattern()Ljava/util/List;: NONE_FIX-1.0
org.apache.commons.lang3.time.FastDateFormat$TextField.appendTo(Ljava/lang/StringBuffer;Ljava/util/Calendar;)V: NONE_FIX-0.7071067811865475
org.apache.commons.lang3.time.FastDateFormat$StringLiteral.appendTo(Ljava/lang/StringBuffer;Ljava/util/Calendar;)V: NONE_FIX-0.7071067811865475
org.apache.commons.lang3.time.FastDateFormat.getInstance(Ljava/lang/String;Ljava/util/Locale;)Lorg/apache/commons/lang3/time/FastDateFormat;: NONE_FIX-0.5773502691896258
org.apache.commons.lang3.time.FastDateFormat$StringLiteral.estimateLength()I: NONE_FIX-0.5
org.apache.commons.lang3.time.FastDateFormat$StringLiteral.<init>(Ljava/lang/String;)V: NONE_FIX-0.5
org.apache.commons.lang3.time.FastDateFormat$TextField.<init>(I[Ljava/lang/String;)V: NONE_FIX-0.4472135954999579
org.apache.commons.lang3.time.FastDateFormat$TextField.estimateLength()I: NONE_FIX-0.4472135954999579
org.apache.commons.lang3.time.FastDateFormat.parseToken(Ljava/lang/String;[I)Ljava/lang/String;: NONE_FIX-0.4082482904638631
org.apache.commons.lang3.time.FastDateFormat.<init>(Ljava/lang/String;Ljava/util/TimeZone;Ljava/util/Locale;)V: NONE_FIX-0.2581988897471611
org.apache.commons.lang3.time.FastDateFormat.selectNumberRule(II)Lorg/apache/commons/lang3/time/FastDateFormat$NumberRule;: NONE_FIX-0.23570226039551587
org.apache.commons.lang3.time.FastDateFormat$TwoDigitNumberField.<init>(I)V: NONE_FIX-0.23570226039551587
org.apache.commons.lang3.time.FastDateFormat$TwoDigitNumberField.estimateLength()I: NONE_FIX-0.23570226039551587
org.apache.commons.lang3.time.FastDateFormat.getInstance(Ljava/lang/String;Ljava/util/TimeZone;Ljava/util/Locale;)Lorg/apache/commons/lang3/time/FastDateFormat;: NONE_FIX-0.22360679774997896
org.apache.commons.lang3.time.FastDateFormat.init()V: NONE_FIX-0.22360679774997896
org.apache.commons.lang3.time.FastDateFormat.hashCode()I: NONE_FIX-0.21320071635561041
org.apache.commons.lang3.time.FastDateFormat.format(Ljava/util/Date;)Ljava/lang/String;: CLEAN_FIX-0.1796053020267749
org.apache.commons.lang3.time.FastDateFormat$TwoDigitNumberField.appendTo(Ljava/lang/StringBuffer;Ljava/util/Calendar;)V: NOISY_FIX-0.16666666666666666
org.apache.commons.lang3.time.FastDateFormat$TwoDigitNumberField.appendTo(Ljava/lang/StringBuffer;I)V: NONE_FIX-0.16666666666666666
org.apache.commons.lang3.time.FastDateFormat.applyRules(Ljava/util/Calendar;Ljava/lang/StringBuffer;)Ljava/lang/StringBuffer;: NONE_FIX-0.16222142113076254
